<?xml version="1.0" encoding="UTF-8"?>
<!-- Generated by org.testng.reporters.JUnitReportReporter -->
<testsuite hostname="EC2AMAZ-S11DBRH" failures="0" tests="2" name="Runners.OrderstepsRunner" time="0.369" errors="2" timestamp="2024-03-27T04:44:25 GMT" skipped="0">
  <testcase classname="Runners.OrderstepsRunner" name="runScenario" time="0.347">
    <error message="TODO: implement me" type="io.cucumber.java.PendingException">
      <![CDATA[io.cucumber.java.PendingException: TODO: implement me
at StepDefinitions.OrderSteps.user_is_on_homepage(OrderSteps.java:13)
at ✽.User is on Homepage(file:///C:/Users/Administrator/eclipse-workspace/CS/src/test/resources/Features/Order.feature:8)
]]>
    </error>
  </testcase> <!-- runScenario -->
  <system-out/>
  <testcase classname="Runners.OrderstepsRunner" name="runScenario" time="0.022">
    <error message="TODO: implement me" type="io.cucumber.java.PendingException">
      <![CDATA[io.cucumber.java.PendingException: TODO: implement me
at StepDefinitions.OrderSteps.user_do_checkout(OrderSteps.java:31)
at ✽.User do checkout(file:///C:/Users/Administrator/eclipse-workspace/CS/src/test/resources/Features/Order.feature:14)
]]>
    </error>
  </testcase> <!-- runScenario -->
  <system-out/>
</testsuite> <!-- Runners.OrderstepsRunner -->
