<?xml version="1.0" encoding="UTF-8"?>
<!-- Generated by org.testng.reporters.JUnitReportReporter -->
<testsuite hostname="EC2AMAZ-S11DBRH" failures="0" tests="1" name="TestNGpack.LearnTestNG" time="3.133" errors="0" timestamp="2024-03-13T07:00:12 GMT" skipped="0">
  <testcase classname="TestNGpack.LearnTestNG" name="Testcase1" time="3.133"/>
  <system-out/>
</testsuite> <!-- TestNGpack.LearnTestNG -->
