<?xml version="1.0" encoding="UTF-8"?>
<!-- Generated by org.testng.reporters.JUnitReportReporter -->
<testsuite hostname="EC2AMAZ-S11DBRH" failures="0" tests="1" name="iFrameTest.FrameTest" time="9.948" errors="0" timestamp="2024-03-14T05:08:58 GMT" skipped="0">
  <testcase classname="iFrameTest.FrameTest" name="iFrameTest1" time="9.948"/>
  <system-out/>
</testsuite> <!-- iFrameTest.FrameTest -->
