<?xml version="1.0" encoding="UTF-8"?>
<!-- Generated by org.testng.reporters.JUnitReportReporter -->
<testsuite hostname="EC2AMAZ-S11DBRH" failures="0" tests="1" name="iFrameTest.GetWindowHandles" time="7.416" errors="0" timestamp="2024-03-14T06:10:20 GMT" skipped="0">
  <testcase classname="iFrameTest.GetWindowHandles" name="windowHandles" time="7.416"/>
  <system-out/>
</testsuite> <!-- iFrameTest.GetWindowHandles -->
