<?xml version="1.0" encoding="UTF-8"?>
<!-- Generated by org.testng.reporters.JUnitReportReporter -->
<testsuite hostname="EC2AMAZ-S11DBRH" failures="0" tests="2" name="CaseStudy_1.RedBus_Automation" time="13.607" errors="0" timestamp="2024-03-17T12:07:10 GMT" skipped="0">
  <testcase classname="CaseStudy_1.RedBus_Automation" name="Testcase_1" time="2.569"/>
  <system-out/>
  <testcase classname="CaseStudy_1.RedBus_Automation" name="Testcase_2" time="11.038"/>
  <system-out/>
</testsuite> <!-- CaseStudy_1.RedBus_Automation -->
