<?xml version="1.0" encoding="UTF-8"?>
<!-- Generated by org.testng.reporters.JUnitReportReporter -->
<testsuite hostname="EC2AMAZ-S11DBRH" failures="0" tests="3" name="CaseStudy_1.RedBus_Automation" time="18.899" errors="0" timestamp="2024-03-18T04:46:59 GMT" skipped="0">
  <testcase classname="CaseStudy_1.RedBus_Automation" name="Testcase_1" time="2.445"/>
  <system-out/>
  <testcase classname="CaseStudy_1.RedBus_Automation" name="Testcase_2" time="16.162"/>
  <system-out/>
  <testcase classname="CaseStudy_1.RedBus_Automation" name="Testcase3" time="0.292"/>
  <system-out/>
</testsuite> <!-- CaseStudy_1.RedBus_Automation -->
