<?xml version="1.0" encoding="UTF-8"?>
<!-- Generated by org.testng.reporters.JUnitReportReporter -->
<testsuite hostname="EC2AMAZ-S11DBRH" failures="0" tests="1" name="differentElements.DoubleClick" time="10.464" errors="0" timestamp="2024-03-15T04:49:00 GMT" skipped="0">
  <testcase classname="differentElements.DoubleClick" name="DoubleClickAction" time="10.464"/>
  <system-out/>
</testsuite> <!-- differentElements.DoubleClick -->
