<?xml version="1.0" encoding="UTF-8"?>
<!-- Generated by org.testng.reporters.JUnitReportReporter -->
<testsuite hostname="EC2AMAZ-S11DBRH" failures="0" tests="1" name="Runners.AuthTest" time="3.710" errors="0" timestamp="2024-03-21T07:26:18 GMT" skipped="0">
  <testcase classname="Runners.AuthTest" name="runScenario" time="3.710"/>
  <system-out/>
</testsuite> <!-- Runners.AuthTest -->
