<?xml version="1.0" encoding="UTF-8"?>
<!-- Generated by org.testng.reporters.JUnitReportReporter -->
<testsuite hostname="EC2AMAZ-S11DBRH" failures="0" tests="1" name="Runners.GoogleSearchRunner" time="4.643" errors="0" timestamp="2024-03-24T07:22:23 GMT" skipped="0">
  <testcase classname="Runners.GoogleSearchRunner" name="runScenario" time="4.643"/>
  <system-out/>
</testsuite> <!-- Runners.GoogleSearchRunner -->
